<?xml version="1.0" encoding="UTF-8"?>
<!-- Generated by org.testng.reporters.JUnitReportReporter -->
<testsuite skipped="0" hostname="Sunnys" name="com.SeleniumTesting.WIndowHandling" tests="1" failures="0" timestamp="2020-09-26T13:19:46 IST" time="19.418" errors="0">
  <testcase name="validateWindowHandling" time="19.418" classname="com.SeleniumTesting.WIndowHandling"/>
  <system-out/>
</testsuite> <!-- com.SeleniumTesting.WIndowHandling -->
