<?xml version="1.0" encoding="UTF-8"?>
<!-- Generated by org.testng.reporters.JUnitReportReporter -->
<testsuite skipped="0" hostname="Sunnys" name="CompareImages" tests="1" failures="0" timestamp="2020-09-14T12:33:52 IST" time="12.438" errors="0">
  <testcase name="validateImage" time="12.438" classname="CompareImages"/>
  <system-out/>
</testsuite> <!-- CompareImages -->
