<?xml version="1.0" encoding="UTF-8"?>
<!-- Generated by org.testng.reporters.JUnitReportReporter -->
<testsuite skipped="0" hostname="Sunnys" name="QrcodeAutomation" tests="1" failures="0" timestamp="2020-09-15T10:10:49 IST" time="9.642" errors="0">
  <testcase name="validateQrcode" time="9.642" classname="QrcodeAutomation"/>
  <system-out/>
</testsuite> <!-- QrcodeAutomation -->
