<?xml version="1.0" encoding="UTF-8"?>
<!-- Generated by org.testng.reporters.JUnitReportReporter -->
<testsuite skipped="0" hostname="Sunnys" name="com.SeleniumTesting.Ajaxcontrols" tests="1" failures="0" timestamp="2020-10-24T10:00:25 IST" time="7.355" errors="0">
  <testcase name="validateLoginFunctionality" time="7.355" classname="com.SeleniumTesting.Ajaxcontrols"/>
  <system-out/>
</testsuite> <!-- com.SeleniumTesting.Ajaxcontrols -->
