<?xml version="1.0" encoding="UTF-8"?>
<!-- Generated by org.testng.reporters.JUnitReportReporter -->
<testsuite skipped="0" hostname="Sunnys" name="EncodingAndDecodingStrings" tests="1" failures="0" timestamp="2020-11-12T18:15:16 IST" time="13.125" errors="0">
  <testcase name="validatepassword" time="13.125" classname="EncodingAndDecodingStrings"/>
  <system-out/>
</testsuite> <!-- EncodingAndDecodingStrings -->
