<?xml version="1.0" encoding="UTF-8"?>
<!-- Generated by org.testng.reporters.JUnitReportReporter -->
<testsuite skipped="0" hostname="Sunnys" name="com.SeleniumTesting.GetCommands" tests="1" failures="0" timestamp="2020-09-03T12:33:47 IST" time="14.992" errors="0">
  <testcase name="validateCommands" time="14.992" classname="com.SeleniumTesting.GetCommands"/>
  <system-out/>
</testsuite> <!-- com.SeleniumTesting.GetCommands -->
