<?xml version="1.0" encoding="UTF-8"?>
<!-- Generated by org.testng.reporters.JUnitReportReporter -->
<testsuite skipped="0" hostname="Sunnys" name="com.actionclass.Scrollingwebpage" tests="1" failures="0" timestamp="2020-09-14T10:18:28 IST" time="9.912" errors="0">
  <testcase name="validateScroll" time="9.912" classname="com.actionclass.Scrollingwebpage"/>
  <system-out/>
</testsuite> <!-- com.actionclass.Scrollingwebpage -->
