<?xml version="1.0" encoding="UTF-8"?>
<!-- Generated by org.testng.reporters.JUnitReportReporter -->
<testsuite skipped="0" hostname="Sunnys" name="com.SeleniumTesting.WebtableBhanu" tests="1" failures="0" timestamp="2020-09-29T11:01:14 IST" time="14.402" errors="0">
  <testcase name="validateWebtable" time="14.402" classname="com.SeleniumTesting.WebtableBhanu"/>
  <system-out/>
</testsuite> <!-- com.SeleniumTesting.WebtableBhanu -->
