<?xml version="1.0" encoding="UTF-8"?>
<!-- Generated by org.testng.reporters.JUnitReportReporter -->
<testsuite skipped="0" hostname="Sunnys" name="com.SeleniumTesting.DropDownSorted" tests="1" failures="0" timestamp="2020-10-24T14:42:39 IST" time="8.920" errors="0">
  <testcase name="testDropDown" time="8.920" classname="com.SeleniumTesting.DropDownSorted"/>
  <system-out/>
</testsuite> <!-- com.SeleniumTesting.DropDownSorted -->
