<?xml version="1.0" encoding="UTF-8"?>
<!-- Generated by org.testng.reporters.JUnitReportReporter -->
<testsuite skipped="0" hostname="Sunnys" name="com.actionclass.MouseHover" tests="1" failures="0" timestamp="2020-09-10T08:28:21 IST" time="20.625" errors="0">
  <testcase name="validateMouse" time="20.625" classname="com.actionclass.MouseHover"/>
  <system-out/>
</testsuite> <!-- com.actionclass.MouseHover -->
