<?xml version="1.0" encoding="UTF-8"?>
<!-- Generated by org.testng.reporters.JUnitReportReporter -->
<testsuite skipped="0" hostname="Sunnys" name="com.SeleniumTesting.BrokenLinks" tests="1" failures="0" timestamp="2020-10-24T10:25:28 IST" time="12.022" errors="0">
  <testcase name="validateLink" time="12.022" classname="com.SeleniumTesting.BrokenLinks"/>
  <system-out/>
</testsuite> <!-- com.SeleniumTesting.BrokenLinks -->
