<?xml version="1.0" encoding="UTF-8"?>
<!-- Generated by org.testng.reporters.JUnitReportReporter -->
<testsuite skipped="0" hostname="Sunnys" name="com.actionclass.Slider" tests="1" failures="0" timestamp="2020-09-10T10:28:54 IST" time="10.436" errors="0">
  <testcase name="validateSlider" time="10.436" classname="com.actionclass.Slider"/>
  <system-out/>
</testsuite> <!-- com.actionclass.Slider -->
