<?xml version="1.0" encoding="UTF-8"?>
<!-- Generated by org.testng.reporters.JUnitReportReporter -->
<testsuite skipped="0" hostname="Sunnys" name="com.Testcases.Dataprovider_Implementation" tests="2" failures="0" timestamp="2020-06-21T10:57:17 IST" time="0.007" errors="0">
  <testcase name="testLogin" time="0.001" classname="com.Testcases.Dataprovider_Implementation"/>
  <system-out/>
  <testcase name="testLogin" time="0.006" classname="com.Testcases.Dataprovider_Implementation"/>
  <system-out/>
</testsuite> <!-- com.Testcases.Dataprovider_Implementation -->
