<?xml version="1.0" encoding="UTF-8"?>
<!-- Generated by org.testng.reporters.JUnitReportReporter -->
<testsuite skipped="0" hostname="Sunnys" name="CpatureLogoImage" tests="1" failures="0" timestamp="2020-11-12T18:03:30 IST" time="13.944" errors="0">
  <testcase name="validateLogo" time="13.944" classname="CpatureLogoImage"/>
  <system-out/>
</testsuite> <!-- CpatureLogoImage -->
