<?xml version="1.0" encoding="UTF-8"?>
<!-- Generated by org.testng.reporters.JUnitReportReporter -->
<testsuite skipped="0" hostname="Sunnys" name="com.filedownload.DownloadFiles" tests="1" failures="0" timestamp="2020-10-24T09:40:26 IST" time="15.550" errors="0">
  <testcase name="validateFile" time="15.550" classname="com.filedownload.DownloadFiles"/>
  <system-out/>
</testsuite> <!-- com.filedownload.DownloadFiles -->
