<?xml version="1.0" encoding="UTF-8"?>
<!-- Generated by org.testng.reporters.JUnitReportReporter -->
<testsuite skipped="0" hostname="Sunnys" name="com.Testcases.Tc_01" tests="4" failures="0" timestamp="2020-06-19T10:24:06 IST" time="0.011" errors="0">
  <testcase name="Validate_Browser_Launch" time="0.008" classname="com.Testcases.Tc_01"/>
  <system-out/>
  <testcase name="Registartion" time="0.001" classname="com.Testcases.Tc_01"/>
  <system-out/>
  <testcase name="Details" time="0.001" classname="com.Testcases.Tc_01"/>
  <system-out/>
  <testcase name="Log_Out" time="0.001" classname="com.Testcases.Tc_01"/>
  <system-out/>
</testsuite> <!-- com.Testcases.Tc_01 -->
