<?xml version="1.0" encoding="UTF-8"?>
<!-- Generated by org.testng.reporters.JUnitReportReporter -->
<testsuite skipped="0" hostname="Sunnys" name="com.SeleniumTesting.Alertwithokcancelbutton" tests="1" failures="0" timestamp="2020-10-24T10:12:11 IST" time="8.241" errors="0">
  <testcase name="validateOkCancel" time="8.241" classname="com.SeleniumTesting.Alertwithokcancelbutton"/>
  <system-out/>
</testsuite> <!-- com.SeleniumTesting.Alertwithokcancelbutton -->
