<?xml version="1.0" encoding="UTF-8"?>
<!-- Generated by org.testng.reporters.JUnitReportReporter -->
<testsuite skipped="0" hostname="Sunnys" name="com.Testcases.Tc_03" tests="1" failures="0" timestamp="2020-06-19T10:24:06 IST" time="0.001" errors="0">
  <testcase name="Validate_Browser_Launch" time="0.001" classname="com.Testcases.Tc_03"/>
  <system-out/>
</testsuite> <!-- com.Testcases.Tc_03 -->
