<?xml version="1.0" encoding="UTF-8"?>
<!-- Generated by org.testng.reporters.JUnitReportReporter -->
<testsuite skipped="0" hostname="Sunnys" name="com.actionclass.Cookies" tests="1" failures="0" timestamp="2020-11-12T18:35:25 IST" time="12.624" errors="0">
  <testcase name="validateCookie" time="12.624" classname="com.actionclass.Cookies"/>
  <system-out/>
</testsuite> <!-- com.actionclass.Cookies -->
