<?xml version="1.0" encoding="UTF-8"?>
<!-- Generated by org.testng.reporters.JUnitReportReporter -->
<testsuite skipped="0" hostname="Sunnys" name="com.SeleniumTesting.SwitchBetweenAlerts" tests="1" failures="0" timestamp="2020-09-09T10:51:35 IST" time="9.891" errors="0">
  <testcase name="validateAlerts" time="9.891" classname="com.SeleniumTesting.SwitchBetweenAlerts"/>
  <system-out/>
</testsuite> <!-- com.SeleniumTesting.SwitchBetweenAlerts -->
