<?xml version="1.0" encoding="UTF-8"?>
<!-- Generated by org.testng.reporters.JUnitReportReporter -->
<testsuite skipped="0" hostname="Sunnys" name="com.SeleniumTesting.Webtable" tests="1" failures="0" timestamp="2020-07-14T10:12:12 IST" time="54.682" errors="0">
  <testcase name="validateLoginFunctionality" time="54.682" classname="com.SeleniumTesting.Webtable"/>
  <system-out/>
</testsuite> <!-- com.SeleniumTesting.Webtable -->
