<?xml version="1.0" encoding="UTF-8"?>
<!-- Generated by org.testng.reporters.JUnitReportReporter -->
<testsuite skipped="0" hostname="Sunnys" name="com.actionclass.MouseOver" tests="1" failures="0" timestamp="2020-09-10T08:07:45 IST" time="9.893" errors="0">
  <testcase name="validateMouse" time="9.893" classname="com.actionclass.MouseOver"/>
  <system-out/>
</testsuite> <!-- com.actionclass.MouseOver -->
